android-user-app/app/build/intermediates/manifest_merge_blame_file/debug/processDebugMainManifest/manifest-merger-blame-debug-report.txt
1<?xml version="1.0" encoding="utf-8"?>
2<manifest xmlns:android="http://schemas.android.com/apk/res/android"
3    package="com.bank.userapp"
4    android:versionCode="1"
5    android:versionName="1.0" >
6
7    <uses-sdk
7-->INJECTED
8        android:minSdkVersion="24"
8-->INJECTED
9        android:targetSdkVersion="34" />
9-->INJECTED
10
11    <uses-permission android:name="android.permission.INTERNET" />
11-->src\main\AndroidManifest.xml:4:5-67
11-->src\main\AndroidManifest.xml:4:22-64
12    <uses-permission android:name="android.permission.USE_BIOMETRIC" /> <!-- suppress DeprecatedClassUsageInspection -->
12-->[androidx.biometric:biometric:1.2.0-alpha05] AndroidManifest.xml:22:5-72
12-->[androidx.biometric:biometric:1.2.0-alpha05] AndroidManifest.xml:22:22-69
13    <uses-permission android:name="android.permission.USE_FINGERPRINT" />
13-->[androidx.biometric:biometric:1.2.0-alpha05] AndroidManifest.xml:25:5-74
13-->[androidx.biometric:biometric:1.2.0-alpha05] AndroidManifest.xml:25:22-71
14
15    <permission
15-->[androidx.core:core:1.13.1] AndroidManifest.xml:22:5-24:47
16        android:name="com.bank.userapp.DYNAMIC_RECEIVER_NOT_EXPORTED_PERMISSION"
16-->[androidx.core:core:1.13.1] AndroidManifest.xml:23:9-81
17        android:protectionLevel="signature" />
17-->[androidx.core:core:1.13.1] AndroidManifest.xml:24:9-44
18
19    <uses-permission android:name="com.bank.userapp.DYNAMIC_RECEIVER_NOT_EXPORTED_PERMISSION" />
19-->[androidx.core:core:1.13.1] AndroidManifest.xml:26:5-97
19-->[androidx.core:core:1.13.1] AndroidManifest.xml:26:22-94
20
21    <application
21-->src\main\AndroidManifest.xml:6:5-56:19
22        android:allowBackup="true"
22-->src\main\AndroidManifest.xml:7:9-35
23        android:appComponentFactory="androidx.core.app.CoreComponentFactory"
23-->[androidx.core:core:1.13.1] AndroidManifest.xml:28:18-86
24        android:debuggable="true"
25        android:extractNativeLibs="false"
25-->INJECTED
26        android:icon="@drawable/android_logo"
26-->src\main\AndroidManifest.xml:8:9-46
27        android:label="@string/app_name"
27-->src\main\AndroidManifest.xml:10:9-41
28        android:networkSecurityConfig="@xml/network_security_config"
28-->src\main\AndroidManifest.xml:14:9-69
29        android:roundIcon="@drawable/android_logo"
29-->src\main\AndroidManifest.xml:9:9-51
30        android:supportsRtl="true"
30-->src\main\AndroidManifest.xml:11:9-35
31        android:testOnly="true"
32        android:theme="@style/Theme.SKMiniPaymentBank"
32-->src\main\AndroidManifest.xml:12:9-55
33        android:usesCleartextTraffic="true" >
33-->src\main\AndroidManifest.xml:13:9-44
34        <activity
34-->src\main\AndroidManifest.xml:16:9-23:20
35            android:name="com.bank.userapp.SplashActivity"
35-->src\main\AndroidManifest.xml:17:13-43
36            android:exported="true" >
36-->src\main\AndroidManifest.xml:18:13-36
37            <intent-filter>
37-->src\main\AndroidManifest.xml:19:13-22:29
38                <action android:name="android.intent.action.MAIN" />
38-->src\main\AndroidManifest.xml:20:17-69
38-->src\main\AndroidManifest.xml:20:25-66
39
40                <category android:name="android.intent.category.LAUNCHER" />
40-->src\main\AndroidManifest.xml:21:17-77
40-->src\main\AndroidManifest.xml:21:27-74
41            </intent-filter>
42        </activity>
43        <activity
43-->src\main\AndroidManifest.xml:25:9-28:62
44            android:name="com.bank.userapp.LoginActivity"
44-->src\main\AndroidManifest.xml:26:13-42
45            android:exported="false"
45-->src\main\AndroidManifest.xml:27:13-37
46            android:theme="@style/Theme.SKMiniPaymentBank" />
46-->src\main\AndroidManifest.xml:28:13-59
47        <activity
47-->src\main\AndroidManifest.xml:30:9-32:40
48            android:name="com.bank.userapp.MainActivity"
48-->src\main\AndroidManifest.xml:31:13-41
49            android:exported="false" />
49-->src\main\AndroidManifest.xml:32:13-37
50        <activity
50-->src\main\AndroidManifest.xml:34:9-38:40
51            android:name="com.bank.userapp.PaymentActivity"
51-->src\main\AndroidManifest.xml:35:13-44
52            android:exported="false"
52-->src\main\AndroidManifest.xml:38:13-37
53            android:label="Payment"
53-->src\main\AndroidManifest.xml:36:13-36
54            android:theme="@style/Theme.SKMiniPaymentBank" />
54-->src\main\AndroidManifest.xml:37:13-59
55        <activity
55-->src\main\AndroidManifest.xml:40:9-44:40
56            android:name="com.bank.userapp.TransferActivity"
56-->src\main\AndroidManifest.xml:41:13-45
57            android:exported="false"
57-->src\main\AndroidManifest.xml:44:13-37
58            android:label="Transfer"
58-->src\main\AndroidManifest.xml:42:13-37
59            android:theme="@style/Theme.SKMiniPaymentBank" />
59-->src\main\AndroidManifest.xml:43:13-59
60        <activity
60-->src\main\AndroidManifest.xml:46:9-49:40
61            android:name="com.bank.userapp.SuccessActivity"
61-->src\main\AndroidManifest.xml:47:13-44
62            android:exported="false"
62-->src\main\AndroidManifest.xml:49:13-37
63            android:theme="@style/Theme.SKMiniPaymentBank" />
63-->src\main\AndroidManifest.xml:48:13-59
64        <activity
64-->src\main\AndroidManifest.xml:51:9-55:40
65            android:name="com.bank.userapp.WebPortalActivity"
65-->src\main\AndroidManifest.xml:52:13-46
66            android:exported="false"
66-->src\main\AndroidManifest.xml:55:13-37
67            android:label="Bank Portal"
67-->src\main\AndroidManifest.xml:53:13-40
68            android:theme="@style/Theme.SKMiniPaymentBank" />
68-->src\main\AndroidManifest.xml:54:13-59
69
70        <provider
70-->[androidx.emoji2:emoji2:1.3.0] AndroidManifest.xml:24:9-32:20
71            android:name="androidx.startup.InitializationProvider"
71-->[androidx.emoji2:emoji2:1.3.0] AndroidManifest.xml:25:13-67
72            android:authorities="com.bank.userapp.androidx-startup"
72-->[androidx.emoji2:emoji2:1.3.0] AndroidManifest.xml:26:13-68
73            android:exported="false" >
73-->[androidx.emoji2:emoji2:1.3.0] AndroidManifest.xml:27:13-37
74            <meta-data
74-->[androidx.emoji2:emoji2:1.3.0] AndroidManifest.xml:29:13-31:52
75                android:name="androidx.emoji2.text.EmojiCompatInitializer"
75-->[androidx.emoji2:emoji2:1.3.0] AndroidManifest.xml:30:17-75
76                android:value="androidx.startup" />
76-->[androidx.emoji2:emoji2:1.3.0] AndroidManifest.xml:31:17-49
77            <meta-data
77-->[androidx.lifecycle:lifecycle-process:2.6.2] AndroidManifest.xml:29:13-31:52
78                android:name="androidx.lifecycle.ProcessLifecycleInitializer"
78-->[androidx.lifecycle:lifecycle-process:2.6.2] AndroidManifest.xml:30:17-78
79                android:value="androidx.startup" />
79-->[androidx.lifecycle:lifecycle-process:2.6.2] AndroidManifest.xml:31:17-49
80            <meta-data
80-->[androidx.profileinstaller:profileinstaller:1.3.1] AndroidManifest.xml:29:13-31:52
81                android:name="androidx.profileinstaller.ProfileInstallerInitializer"
81-->[androidx.profileinstaller:profileinstaller:1.3.1] AndroidManifest.xml:30:17-85
82                android:value="androidx.startup" />
82-->[androidx.profileinstaller:profileinstaller:1.3.1] AndroidManifest.xml:31:17-49
83        </provider>
84
85        <receiver
85-->[androidx.profileinstaller:profileinstaller:1.3.1] AndroidManifest.xml:34:9-52:20
86            android:name="androidx.profileinstaller.ProfileInstallReceiver"
86-->[androidx.profileinstaller:profileinstaller:1.3.1] AndroidManifest.xml:35:13-76
87            android:directBootAware="false"
87-->[androidx.profileinstaller:profileinstaller:1.3.1] AndroidManifest.xml:36:13-44
88            android:enabled="true"
88-->[androidx.profileinstaller:profileinstaller:1.3.1] AndroidManifest.xml:37:13-35
89            android:exported="true"
89-->[androidx.profileinstaller:profileinstaller:1.3.1] AndroidManifest.xml:38:13-36
90            android:permission="android.permission.DUMP" >
90-->[androidx.profileinstaller:profileinstaller:1.3.1] AndroidManifest.xml:39:13-57
91            <intent-filter>
91-->[androidx.profileinstaller:profileinstaller:1.3.1] AndroidManifest.xml:40:13-42:29
92                <action android:name="androidx.profileinstaller.action.INSTALL_PROFILE" />
92-->[androidx.profileinstaller:profileinstaller:1.3.1] AndroidManifest.xml:41:17-91
92-->[androidx.profileinstaller:profileinstaller:1.3.1] AndroidManifest.xml:41:25-88
93            </intent-filter>
94            <intent-filter>
94-->[androidx.profileinstaller:profileinstaller:1.3.1] AndroidManifest.xml:43:13-45:29
95                <action android:name="androidx.profileinstaller.action.SKIP_FILE" />
95-->[androidx.profileinstaller:profileinstaller:1.3.1] AndroidManifest.xml:44:17-85
95-->[androidx.profileinstaller:profileinstaller:1.3.1] AndroidManifest.xml:44:25-82
96            </intent-filter>
97            <intent-filter>
97-->[androidx.profileinstaller:profileinstaller:1.3.1] AndroidManifest.xml:46:13-48:29
98                <action android:name="androidx.profileinstaller.action.SAVE_PROFILE" />
98-->[androidx.profileinstaller:profileinstaller:1.3.1] AndroidManifest.xml:47:17-88
98-->[androidx.profileinstaller:profileinstaller:1.3.1] AndroidManifest.xml:47:25-85
99            </intent-filter>
100            <intent-filter>
100-->[androidx.profileinstaller:profileinstaller:1.3.1] AndroidManifest.xml:49:13-51:29
101                <action android:name="androidx.profileinstaller.action.BENCHMARK_OPERATION" />
101-->[androidx.profileinstaller:profileinstaller:1.3.1] AndroidManifest.xml:50:17-95
101-->[androidx.profileinstaller:profileinstaller:1.3.1] AndroidManifest.xml:50:25-92
102            </intent-filter>
103        </receiver>
104    </application>
105
106</manifest>